This is pdfTeX, Version 3.141592653-2.6-1.40.24 (TeX Live 2022) (preloaded format=pdflatex 2022.6.13)  22 DEC 2022 12:31
entering extended mode
 \write18 enabled.
 file:line:error style messages enabled.
 %&-line parsing enabled.
**/home/hyndman/git/monash-quarto-report/_extensions/report/monashreport.tex
(/home/hyndman/git/monash-quarto-report/_extensions/report/monashreport.tex
LaTeX2e <2022-06-01> pre-release-0 (develop 2022-6-13 branch)
L3 programming layer <2022-06-02>

! LaTeX Error: File `$documentclass$.cls' not found.

Type X to quit or <RETURN> to proceed,
or enter new name. (Default extension: cls)

Enter file name: 
/home/hyndman/git/monash-quarto-report/_extensions/report/monashreport.tex:2: Emergency stop.
<read *> 
         
l.2 $
     if(fontfamily)$^^M
*** (cannot \read from terminal in nonstop modes)

 
Here is how much of TeX's memory you used:
 24 strings out of 478040
 702 string characters out of 5839127
 297750 words of memory out of 5000000
 18558 multiletter control sequences out of 15000+600000
 469259 words of font info for 28 fonts, out of 8000000 for 9000
 1141 hyphenation exceptions out of 8191
 19i,0n,29p,264b,17s stack positions out of 10000i,1000n,20000p,200000b,200000s
/home/hyndman/git/monash-quarto-report/_extensions/report/monashreport.tex:2:  ==> Fatal error occurred, no output PDF file produced!
